2025-04-23 09:55:01,800 INFO: Sistema de Logging Configurado. [in C:\Users\Jorge Maques\Documents\Diabetes\app.py:65]
2025-04-23 09:55:04,007 INFO: Modelo e prÈ-processador carregados com sucesso. [in C:\Users\Jorge Maques\Documents\Diabetes\app.py:71]
2025-04-23 09:56:46,625 INFO: Iniciando processamento de formul·rio [in C:\Users\Jorge Maques\Documents\Diabetes\app.py:109]
2025-04-23 09:56:46,664 DEBUG: Dados recebidos: {'Gravidez': 2.0, 'Glicose': 95.0, 'Press„o arterial': 72.0, 'Espessura da pele': 28.0, 'Insulina': 0.0, 'IMC': 23.8, 'Diabetes Descendente': 0.0, 'Idade': 32.0} [in C:\Users\Jorge Maques\Documents\Diabetes\app.py:130]
2025-04-23 09:56:46,912 DEBUG: Dados processados:    Gravidez  Glicose  Press„o arterial  Espessura da pele  Insulina   IMC  Diabetes Descendente  Idade
0       2.0     95.0              72.0               28.0       0.0  23.8                   0.0   32.0 [in C:\Users\Jorge Maques\Documents\Diabetes\app.py:134]
2025-04-23 09:56:47,094 DEBUG: Dados apÛs prÈ-processamento: [[-0.23968566  0.15625    -0.88172043 -0.81042491  0.14964075  2.
  32.          0.        ]] [in C:\Users\Jorge Maques\Documents\Diabetes\app.py:138]
2025-04-23 09:56:47,207 INFO: PrediÁ„o realizada - Resultado: 0, Probabilidade: 4.56% [in C:\Users\Jorge Maques\Documents\Diabetes\app.py:143]
2025-04-23 10:01:05,167 DEBUG: Dados antes ddo prÈ-processamento:    Gravidez  Glicose  Press„o arterial  Espessura da pele  Insulina   IMC  Diabetes Descendente  Idade
0       1.0     85.0              66.0               29.0      80.0  26.6                   0.0   31.0 [in C:\Users\Jorge Maques\Documents\Diabetes\app.py:176]
2025-04-23 10:01:05,236 DEBUG: Dados apÛs prÈ-processamento: [[ 0.38899804  0.1875     -0.58064516 -1.12339636 -0.16054575  1.
  31.          0.        ]] [in C:\Users\Jorge Maques\Documents\Diabetes\app.py:185]
2025-04-23 10:01:05,302 DEBUG: Dados antes ddo prÈ-processamento:    Gravidez  Glicose  Press„o arterial  Espessura da pele  Insulina   IMC  Diabetes Descendente  Idade
0       2.0     90.0              70.0               25.0      80.0  24.0                   0.0   28.0 [in C:\Users\Jorge Maques\Documents\Diabetes\app.py:176]
2025-04-23 10:01:05,372 DEBUG: Dados apÛs prÈ-processamento: [[ 0.38899804  0.0625     -0.86021505 -0.96691063  0.04624525  2.
  28.          0.        ]] [in C:\Users\Jorge Maques\Documents\Diabetes\app.py:185]
2025-04-23 10:01:05,391 DEBUG: Dados antes ddo prÈ-processamento:    Gravidez  Glicose  Press„o arterial  Espessura da pele  Insulina   IMC  Diabetes Descendente  Idade
0       4.0    115.0              72.0               35.0     150.0  29.5                   0.0   35.0 [in C:\Users\Jorge Maques\Documents\Diabetes\app.py:176]
2025-04-23 10:01:05,445 DEBUG: Dados apÛs prÈ-processamento: [[ 0.93909627  0.375      -0.2688172  -0.184482    0.14964075  4.
  35.          0.        ]] [in C:\Users\Jorge Maques\Documents\Diabetes\app.py:185]
2025-04-23 10:01:05,463 DEBUG: Dados antes ddo prÈ-processamento:    Gravidez  Glicose  Press„o arterial  Espessura da pele  Insulina   IMC  Diabetes Descendente  Idade
0       3.0    125.0              80.0               30.0       0.0  32.0                   1.0   42.0 [in C:\Users\Jorge Maques\Documents\Diabetes\app.py:176]
2025-04-23 10:01:05,519 DEBUG: Dados apÛs prÈ-processamento: [[-0.23968566  0.21875     0.          0.12848945  0.56322275  3.
  42.          1.        ]] [in C:\Users\Jorge Maques\Documents\Diabetes\app.py:185]
2025-04-23 10:01:05,534 DEBUG: Dados antes ddo prÈ-processamento:    Gravidez  Glicose  Press„o arterial  Espessura da pele  Insulina   IMC  Diabetes Descendente  Idade
0       6.0    148.0              72.0               35.0       0.0  33.6                   1.0   50.0 [in C:\Users\Jorge Maques\Documents\Diabetes\app.py:176]
2025-04-23 10:01:05,607 DEBUG: Dados apÛs prÈ-processamento: [[-0.23968566  0.375       0.17204301  0.84832379  0.14964075  6.
  50.          1.        ]] [in C:\Users\Jorge Maques\Documents\Diabetes\app.py:185]
2025-04-23 10:01:05,625 DEBUG: Dados antes ddo prÈ-processamento:    Gravidez  Glicose  Press„o arterial  Espessura da pele  Insulina   IMC  Diabetes Descendente  Idade
0       1.0    183.0              64.0               30.0       0.0  23.3                   1.0   32.0 [in C:\Users\Jorge Maques\Documents\Diabetes\app.py:176]
2025-04-23 10:01:05,693 DEBUG: Dados apÛs prÈ-processamento: [[-0.23968566  0.21875    -0.93548387  1.94372388 -0.26394125  1.
  32.          1.        ]] [in C:\Users\Jorge Maques\Documents\Diabetes\app.py:185]
2025-04-23 10:01:05,708 DEBUG: Dados antes ddo prÈ-processamento:    Gravidez  Glicose  Press„o arterial  Espessura da pele  Insulina   IMC  Diabetes Descendente  Idade
0       8.0    181.0              68.0               36.0     495.0  30.1                   1.0   53.0 [in C:\Users\Jorge Maques\Documents\Diabetes\app.py:176]
2025-04-23 10:01:05,772 DEBUG: Dados apÛs prÈ-processamento: [[ 3.6502947   0.40625    -0.20430108  1.88112959 -0.05715025  8.
  53.          1.        ]] [in C:\Users\Jorge Maques\Documents\Diabetes\app.py:185]
2025-04-23 10:01:05,788 DEBUG: Dados antes ddo prÈ-processamento:    Gravidez  Glicose  Press„o arterial  Espessura da pele  Insulina   IMC  Diabetes Descendente  Idade
0       0.0     60.0              62.0               20.0       0.0  21.0                   0.0   22.0 [in C:\Users\Jorge Maques\Documents\Diabetes\app.py:176]
2025-04-23 10:01:05,851 DEBUG: Dados apÛs prÈ-processamento: [[-0.23968566 -0.09375    -1.1827957  -1.90582499 -0.36733675  0.
  22.          0.        ]] [in C:\Users\Jorge Maques\Documents\Diabetes\app.py:185]
2025-04-23 10:01:05,867 DEBUG: Dados antes ddo prÈ-processamento:    Gravidez  Glicose  Press„o arterial  Espessura da pele  Insulina   IMC  Diabetes Descendente  Idade
0      10.0    200.0              90.0               40.0     600.0  40.0                   1.0   60.0 [in C:\Users\Jorge Maques\Documents\Diabetes\app.py:176]
2025-04-23 10:01:05,934 DEBUG: Dados apÛs prÈ-processamento: [[ 4.47544204  0.53125     0.86021505  2.47577535  1.08020025 10.
  60.          1.        ]] [in C:\Users\Jorge Maques\Documents\Diabetes\app.py:185]
2025-04-23 10:01:05,950 DEBUG: Dados antes ddo prÈ-processamento:    Gravidez  Glicose  Press„o arterial  Espessura da pele  Insulina   IMC  Diabetes Descendente  Idade
0       2.0    140.0              85.0               30.0     200.0  28.9                   1.0   45.0 [in C:\Users\Jorge Maques\Documents\Diabetes\app.py:176]
2025-04-23 10:01:06,017 DEBUG: Dados apÛs prÈ-processamento: [[ 1.33202358  0.21875    -0.33333333  0.59794663  0.8217115   2.
  45.          1.        ]] [in C:\Users\Jorge Maques\Documents\Diabetes\app.py:185]
2025-04-23 10:01:06,030 DEBUG: Dados antes ddo prÈ-processamento:    Gravidez  Glicose  Press„o arterial  Espessura da pele  Insulina   IMC  Diabetes Descendente  Idade
0       7.0    130.0              88.0               35.0       0.0  33.1                   1.0   44.0 [in C:\Users\Jorge Maques\Documents\Diabetes\app.py:176]
2025-04-23 10:01:06,092 DEBUG: Dados apÛs prÈ-processamento: [[-0.23968566  0.375       0.11827957  0.28497518  0.97680475  7.
  44.          1.        ]] [in C:\Users\Jorge Maques\Documents\Diabetes\app.py:185]
2025-04-23 10:01:06,108 DEBUG: Dados antes ddo prÈ-processamento:    Gravidez  Glicose  Press„o arterial  Espessura da pele  Insulina   IMC  Diabetes Descendente  Idade
0       0.0     92.0              70.0               25.0      80.0  22.1                   0.0   25.0 [in C:\Users\Jorge Maques\Documents\Diabetes\app.py:176]
2025-04-23 10:01:06,168 DEBUG: Dados apÛs prÈ-processamento: [[ 0.38899804  0.0625     -1.06451613 -0.90431634  0.04624525  0.
  25.          0.        ]] [in C:\Users\Jorge Maques\Documents\Diabetes\app.py:185]
2025-04-23 10:01:06,191 DEBUG: Dados antes ddo prÈ-processamento:    Gravidez  Glicose  Press„o arterial  Espessura da pele  Insulina   IMC  Diabetes Descendente  Idade
0       1.0     89.0              66.0               23.0      94.0  21.5                   0.0   28.0 [in C:\Users\Jorge Maques\Documents\Diabetes\app.py:176]
2025-04-23 10:01:06,252 DEBUG: Dados apÛs prÈ-processamento: [[ 0.49901768  0.         -1.12903226 -0.99820778 -0.16054575  1.
  28.          0.        ]] [in C:\Users\Jorge Maques\Documents\Diabetes\app.py:185]
2025-04-23 10:01:06,276 DEBUG: Dados antes ddo prÈ-processamento:    Gravidez  Glicose  Press„o arterial  Espessura da pele  Insulina   IMC  Diabetes Descendente  Idade
0       2.0     95.0              72.0               28.0       0.0  23.8                   0.0   32.0 [in C:\Users\Jorge Maques\Documents\Diabetes\app.py:176]
2025-04-23 10:01:06,339 DEBUG: Dados apÛs prÈ-processamento: [[-0.23968566  0.15625    -0.88172043 -0.81042491  0.14964075  2.
  32.          0.        ]] [in C:\Users\Jorge Maques\Documents\Diabetes\app.py:185]
2025-04-23 10:01:06,356 DEBUG: Dados antes ddo prÈ-processamento:    Gravidez  Glicose  Press„o arterial  Espessura da pele  Insulina   IMC  Diabetes Descendente  Idade
0       0.0     85.0              62.0               20.0       0.0  20.3                   0.0   22.0 [in C:\Users\Jorge Maques\Documents\Diabetes\app.py:176]
2025-04-23 10:01:06,416 DEBUG: Dados apÛs prÈ-processamento: [[-0.23968566 -0.09375    -1.25806452 -1.12339636 -0.36733675  0.
  22.          0.        ]] [in C:\Users\Jorge Maques\Documents\Diabetes\app.py:185]
2025-04-23 10:01:06,429 DEBUG: Dados antes ddo prÈ-processamento:    Gravidez  Glicose  Press„o arterial  Espessura da pele  Insulina   IMC  Diabetes Descendente  Idade
0       3.0    100.0              75.0               30.0     120.0  25.9                   0.0   38.0 [in C:\Users\Jorge Maques\Documents\Diabetes\app.py:176]
2025-04-23 10:01:06,488 DEBUG: Dados apÛs prÈ-processamento: [[ 0.70333988  0.21875    -0.65591398 -0.65393918  0.304734    3.
  38.          0.        ]] [in C:\Users\Jorge Maques\Documents\Diabetes\app.py:185]
2025-04-23 10:01:06,506 DEBUG: Dados antes ddo prÈ-processamento:    Gravidez  Glicose  Press„o arterial  Espessura da pele  Insulina   IMC  Diabetes Descendente  Idade
0       1.0     78.0              64.0               22.0      85.0  19.7                   0.0   26.0 [in C:\Users\Jorge Maques\Documents\Diabetes\app.py:176]
2025-04-23 10:01:06,569 DEBUG: Dados apÛs prÈ-processamento: [[ 0.42829077 -0.03125    -1.32258065 -1.34247638 -0.26394125  1.
  26.          0.        ]] [in C:\Users\Jorge Maques\Documents\Diabetes\app.py:185]
2025-04-23 10:01:06,589 DEBUG: Dados antes ddo prÈ-processamento:    Gravidez  Glicose  Press„o arterial  Espessura da pele  Insulina   IMC  Diabetes Descendente  Idade
0       0.0     88.0              68.0               24.0       0.0  22.0                   0.0   30.0 [in C:\Users\Jorge Maques\Documents\Diabetes\app.py:176]
2025-04-23 10:01:06,645 DEBUG: Dados apÛs prÈ-processamento: [[-0.23968566  0.03125    -1.07526882 -1.02950492 -0.05715025  0.
  30.          0.        ]] [in C:\Users\Jorge Maques\Documents\Diabetes\app.py:185]
2025-04-23 10:01:06,650 DEBUG: Dados antes ddo prÈ-processamento:    Gravidez  Glicose  Press„o arterial  Espessura da pele  Insulina   IMC  Diabetes Descendente  Idade
0       2.0     93.0              71.0               26.0      90.0  24.1                   0.0   35.0 [in C:\Users\Jorge Maques\Documents\Diabetes\app.py:176]
2025-04-23 10:01:06,719 DEBUG: Dados apÛs prÈ-processamento: [[ 0.4675835   0.09375    -0.84946237 -0.8730192   0.097943    2.
  35.          0.        ]] [in C:\Users\Jorge Maques\Documents\Diabetes\app.py:185]
2025-04-23 10:01:06,741 DEBUG: Dados antes ddo prÈ-processamento:    Gravidez  Glicose  Press„o arterial  Espessura da pele  Insulina   IMC  Diabetes Descendente  Idade
0       4.0     97.0              74.0               29.0     110.0  26.3                   0.0   40.0 [in C:\Users\Jorge Maques\Documents\Diabetes\app.py:176]
2025-04-23 10:01:06,800 DEBUG: Dados apÛs prÈ-processamento: [[ 0.62475442  0.1875     -0.61290323 -0.74783062  0.25303625  4.
  40.          0.        ]] [in C:\Users\Jorge Maques\Documents\Diabetes\app.py:185]
2025-04-23 10:01:06,816 DEBUG: Dados antes ddo prÈ-processamento:    Gravidez  Glicose  Press„o arterial  Espessura da pele  Insulina   IMC  Diabetes Descendente  Idade
0       1.0     83.0              65.0               21.0       0.0  21.8                   0.0   27.0 [in C:\Users\Jorge Maques\Documents\Diabetes\app.py:176]
2025-04-23 10:01:06,874 DEBUG: Dados apÛs prÈ-processamento: [[-0.23968566 -0.0625     -1.09677419 -1.18599065 -0.2122435   1.
  27.          0.        ]] [in C:\Users\Jorge Maques\Documents\Diabetes\app.py:185]
2025-04-23 10:01:06,888 DEBUG: Dados antes ddo prÈ-processamento:    Gravidez  Glicose  Press„o arterial  Espessura da pele  Insulina   IMC  Diabetes Descendente  Idade
0       5.0    126.0              82.0               32.0       0.0  31.5                   1.0   48.0 [in C:\Users\Jorge Maques\Documents\Diabetes\app.py:176]
2025-04-23 10:01:06,947 DEBUG: Dados apÛs prÈ-processamento: [[-0.23968566  0.28125    -0.05376344  0.1597866   0.66661825  5.
  48.          1.        ]] [in C:\Users\Jorge Maques\Documents\Diabetes\app.py:185]
2025-04-23 10:01:06,968 DEBUG: Dados antes ddo prÈ-processamento:    Gravidez  Glicose  Press„o arterial  Espessura da pele  Insulina   IMC  Diabetes Descendente  Idade
0       2.0    110.0              78.0               28.0       0.0  27.8                   0.0   39.0 [in C:\Users\Jorge Maques\Documents\Diabetes\app.py:176]
2025-04-23 10:01:07,034 DEBUG: Dados apÛs prÈ-processamento: [[-0.23968566  0.15625    -0.4516129  -0.34096773  0.45982725  2.
  39.          0.        ]] [in C:\Users\Jorge Maques\Documents\Diabetes\app.py:185]
2025-04-24 07:36:57 INFO     [app:81] Configura√ß√£o de logging aplicada.
2025-04-24 07:36:57 INFO     [app:21] Sistema de Logging Configurado.
2025-04-24 07:37:37 INFO     [app:27] Modelo e pr√©-processador carregados com sucesso.
2025-04-24 07:39:01 DEBUG    [app:132] Dados antes ddo pr√©-processamento:    Gravidez  Glicose  Press√£o arterial  Espessura da pele  Insulina   IMC  Diabetes Descendente  Idade
0       1.0     85.0              66.0               29.0      80.0  26.6                   0.0   31.0
2025-04-24 07:39:01 DEBUG    [app:141] Dados ap√≥s pr√©-processamento: [[ 0.38899804  0.1875     -0.58064516 -1.12339636 -0.16054575  1.
  31.          0.        ]]
2025-04-24 07:39:01 DEBUG    [app:132] Dados antes ddo pr√©-processamento:    Gravidez  Glicose  Press√£o arterial  Espessura da pele  Insulina   IMC  Diabetes Descendente  Idade
0       2.0     90.0              70.0               25.0      80.0  24.0                   0.0   28.0
2025-04-24 07:39:01 DEBUG    [app:141] Dados ap√≥s pr√©-processamento: [[ 0.38899804  0.0625     -0.86021505 -0.96691063  0.04624525  2.
  28.          0.        ]]
2025-04-24 07:39:01 DEBUG    [app:132] Dados antes ddo pr√©-processamento:    Gravidez  Glicose  Press√£o arterial  Espessura da pele  Insulina   IMC  Diabetes Descendente  Idade
0       4.0    115.0              72.0               35.0     150.0  29.5                   0.0   35.0
2025-04-24 07:39:01 DEBUG    [app:141] Dados ap√≥s pr√©-processamento: [[ 0.93909627  0.375      -0.2688172  -0.184482    0.14964075  4.
  35.          0.        ]]
2025-04-24 07:39:01 DEBUG    [app:132] Dados antes ddo pr√©-processamento:    Gravidez  Glicose  Press√£o arterial  Espessura da pele  Insulina   IMC  Diabetes Descendente  Idade
0       3.0    125.0              80.0               30.0       0.0  32.0                   1.0   42.0
2025-04-24 07:39:01 DEBUG    [app:141] Dados ap√≥s pr√©-processamento: [[-0.23968566  0.21875     0.          0.12848945  0.56322275  3.
  42.          1.        ]]
2025-04-24 07:39:01 DEBUG    [app:132] Dados antes ddo pr√©-processamento:    Gravidez  Glicose  Press√£o arterial  Espessura da pele  Insulina   IMC  Diabetes Descendente  Idade
0       6.0    148.0              72.0               35.0       0.0  33.6                   1.0   50.0
2025-04-24 07:39:01 DEBUG    [app:141] Dados ap√≥s pr√©-processamento: [[-0.23968566  0.375       0.17204301  0.84832379  0.14964075  6.
  50.          1.        ]]
2025-04-24 07:39:01 DEBUG    [app:132] Dados antes ddo pr√©-processamento:    Gravidez  Glicose  Press√£o arterial  Espessura da pele  Insulina   IMC  Diabetes Descendente  Idade
0       1.0    183.0              64.0               30.0       0.0  23.3                   1.0   32.0
2025-04-24 07:39:02 DEBUG    [app:141] Dados ap√≥s pr√©-processamento: [[-0.23968566  0.21875    -0.93548387  1.94372388 -0.26394125  1.
  32.          1.        ]]
2025-04-24 07:39:02 DEBUG    [app:132] Dados antes ddo pr√©-processamento:    Gravidez  Glicose  Press√£o arterial  Espessura da pele  Insulina   IMC  Diabetes Descendente  Idade
0       8.0    181.0              68.0               36.0     495.0  30.1                   1.0   53.0
2025-04-24 07:39:02 DEBUG    [app:141] Dados ap√≥s pr√©-processamento: [[ 3.6502947   0.40625    -0.20430108  1.88112959 -0.05715025  8.
  53.          1.        ]]
2025-04-24 07:39:02 DEBUG    [app:132] Dados antes ddo pr√©-processamento:    Gravidez  Glicose  Press√£o arterial  Espessura da pele  Insulina   IMC  Diabetes Descendente  Idade
0       0.0     60.0              62.0               20.0       0.0  21.0                   0.0   22.0
2025-04-24 07:39:02 DEBUG    [app:141] Dados ap√≥s pr√©-processamento: [[-0.23968566 -0.09375    -1.1827957  -1.90582499 -0.36733675  0.
  22.          0.        ]]
2025-04-24 07:39:02 DEBUG    [app:132] Dados antes ddo pr√©-processamento:    Gravidez  Glicose  Press√£o arterial  Espessura da pele  Insulina   IMC  Diabetes Descendente  Idade
0      10.0    200.0              90.0               40.0     600.0  40.0                   1.0   60.0
2025-04-24 07:39:02 DEBUG    [app:141] Dados ap√≥s pr√©-processamento: [[ 4.47544204  0.53125     0.86021505  2.47577535  1.08020025 10.
  60.          1.        ]]
2025-04-24 07:39:02 DEBUG    [app:132] Dados antes ddo pr√©-processamento:    Gravidez  Glicose  Press√£o arterial  Espessura da pele  Insulina   IMC  Diabetes Descendente  Idade
0       2.0    140.0              85.0               30.0     200.0  28.9                   1.0   45.0
2025-04-24 07:39:02 DEBUG    [app:141] Dados ap√≥s pr√©-processamento: [[ 1.33202358  0.21875    -0.33333333  0.59794663  0.8217115   2.
  45.          1.        ]]
2025-04-24 07:39:02 DEBUG    [app:132] Dados antes ddo pr√©-processamento:    Gravidez  Glicose  Press√£o arterial  Espessura da pele  Insulina   IMC  Diabetes Descendente  Idade
0       7.0    130.0              88.0               35.0       0.0  33.1                   1.0   44.0
2025-04-24 07:39:02 DEBUG    [app:141] Dados ap√≥s pr√©-processamento: [[-0.23968566  0.375       0.11827957  0.28497518  0.97680475  7.
  44.          1.        ]]
2025-04-24 07:39:02 DEBUG    [app:132] Dados antes ddo pr√©-processamento:    Gravidez  Glicose  Press√£o arterial  Espessura da pele  Insulina   IMC  Diabetes Descendente  Idade
0       0.0     92.0              70.0               25.0      80.0  22.1                   0.0   25.0
2025-04-24 07:39:02 DEBUG    [app:141] Dados ap√≥s pr√©-processamento: [[ 0.38899804  0.0625     -1.06451613 -0.90431634  0.04624525  0.
  25.          0.        ]]
2025-04-24 07:39:02 DEBUG    [app:132] Dados antes ddo pr√©-processamento:    Gravidez  Glicose  Press√£o arterial  Espessura da pele  Insulina   IMC  Diabetes Descendente  Idade
0       1.0     89.0              66.0               23.0      94.0  21.5                   0.0   28.0
2025-04-24 07:39:02 DEBUG    [app:141] Dados ap√≥s pr√©-processamento: [[ 0.49901768  0.         -1.12903226 -0.99820778 -0.16054575  1.
  28.          0.        ]]
2025-04-24 07:39:02 DEBUG    [app:132] Dados antes ddo pr√©-processamento:    Gravidez  Glicose  Press√£o arterial  Espessura da pele  Insulina   IMC  Diabetes Descendente  Idade
0       2.0     95.0              72.0               28.0       0.0  23.8                   0.0   32.0
2025-04-24 07:39:02 DEBUG    [app:141] Dados ap√≥s pr√©-processamento: [[-0.23968566  0.15625    -0.88172043 -0.81042491  0.14964075  2.
  32.          0.        ]]
2025-04-24 07:39:02 DEBUG    [app:132] Dados antes ddo pr√©-processamento:    Gravidez  Glicose  Press√£o arterial  Espessura da pele  Insulina   IMC  Diabetes Descendente  Idade
0       0.0     85.0              62.0               20.0       0.0  20.3                   0.0   22.0
2025-04-24 07:39:02 DEBUG    [app:141] Dados ap√≥s pr√©-processamento: [[-0.23968566 -0.09375    -1.25806452 -1.12339636 -0.36733675  0.
  22.          0.        ]]
2025-04-24 07:39:02 DEBUG    [app:132] Dados antes ddo pr√©-processamento:    Gravidez  Glicose  Press√£o arterial  Espessura da pele  Insulina   IMC  Diabetes Descendente  Idade
0       3.0    100.0              75.0               30.0     120.0  25.9                   0.0   38.0
2025-04-24 07:39:02 DEBUG    [app:141] Dados ap√≥s pr√©-processamento: [[ 0.70333988  0.21875    -0.65591398 -0.65393918  0.304734    3.
  38.          0.        ]]
2025-04-24 07:39:02 DEBUG    [app:132] Dados antes ddo pr√©-processamento:    Gravidez  Glicose  Press√£o arterial  Espessura da pele  Insulina   IMC  Diabetes Descendente  Idade
0       1.0     78.0              64.0               22.0      85.0  19.7                   0.0   26.0
2025-04-24 07:39:02 DEBUG    [app:141] Dados ap√≥s pr√©-processamento: [[ 0.42829077 -0.03125    -1.32258065 -1.34247638 -0.26394125  1.
  26.          0.        ]]
2025-04-24 07:39:02 DEBUG    [app:132] Dados antes ddo pr√©-processamento:    Gravidez  Glicose  Press√£o arterial  Espessura da pele  Insulina   IMC  Diabetes Descendente  Idade
0       0.0     88.0              68.0               24.0       0.0  22.0                   0.0   30.0
2025-04-24 07:39:03 DEBUG    [app:141] Dados ap√≥s pr√©-processamento: [[-0.23968566  0.03125    -1.07526882 -1.02950492 -0.05715025  0.
  30.          0.        ]]
2025-04-24 07:39:03 DEBUG    [app:132] Dados antes ddo pr√©-processamento:    Gravidez  Glicose  Press√£o arterial  Espessura da pele  Insulina   IMC  Diabetes Descendente  Idade
0       2.0     93.0              71.0               26.0      90.0  24.1                   0.0   35.0
2025-04-24 07:39:03 DEBUG    [app:141] Dados ap√≥s pr√©-processamento: [[ 0.4675835   0.09375    -0.84946237 -0.8730192   0.097943    2.
  35.          0.        ]]
2025-04-24 07:39:03 DEBUG    [app:132] Dados antes ddo pr√©-processamento:    Gravidez  Glicose  Press√£o arterial  Espessura da pele  Insulina   IMC  Diabetes Descendente  Idade
0       4.0     97.0              74.0               29.0     110.0  26.3                   0.0   40.0
2025-04-24 07:39:03 DEBUG    [app:141] Dados ap√≥s pr√©-processamento: [[ 0.62475442  0.1875     -0.61290323 -0.74783062  0.25303625  4.
  40.          0.        ]]
2025-04-24 07:39:03 DEBUG    [app:132] Dados antes ddo pr√©-processamento:    Gravidez  Glicose  Press√£o arterial  Espessura da pele  Insulina   IMC  Diabetes Descendente  Idade
0       1.0     83.0              65.0               21.0       0.0  21.8                   0.0   27.0
2025-04-24 07:39:03 DEBUG    [app:141] Dados ap√≥s pr√©-processamento: [[-0.23968566 -0.0625     -1.09677419 -1.18599065 -0.2122435   1.
  27.          0.        ]]
2025-04-24 07:39:03 DEBUG    [app:132] Dados antes ddo pr√©-processamento:    Gravidez  Glicose  Press√£o arterial  Espessura da pele  Insulina   IMC  Diabetes Descendente  Idade
0       5.0    126.0              82.0               32.0       0.0  31.5                   1.0   48.0
2025-04-24 07:39:03 DEBUG    [app:141] Dados ap√≥s pr√©-processamento: [[-0.23968566  0.28125    -0.05376344  0.1597866   0.66661825  5.
  48.          1.        ]]
2025-04-24 07:39:03 DEBUG    [app:132] Dados antes ddo pr√©-processamento:    Gravidez  Glicose  Press√£o arterial  Espessura da pele  Insulina   IMC  Diabetes Descendente  Idade
0       2.0    110.0              78.0               28.0       0.0  27.8                   0.0   39.0
2025-04-24 07:39:03 DEBUG    [app:141] Dados ap√≥s pr√©-processamento: [[-0.23968566  0.15625    -0.4516129  -0.34096773  0.45982725  2.
  39.          0.        ]]
2025-04-24 12:12:54 INFO     [app:81] Configura√ß√£o de logging aplicada.
2025-04-24 12:12:54 INFO     [app:18] Iniciando script salva_modelo.py
2025-04-24 12:12:54 INFO     [app:19] Carregando dados originais de 'data/diabetesX.csv'
2025-04-24 12:12:54 CRITICAL [app:85] Erro: Arquivo de dados n√£o encontrado. Verifique o caminho/nome. Detalhes: [Errno 2] No such file or directory: 'data/diabetesX.csv'
Traceback (most recent call last):
  File "C:\Users\Jorge Maques\Documents\Diabetes\salva_modelo.py", line 20, in <module>
    df = pd.read_csv('data/diabetesX.csv') # Use 'data' em vez de 'date'?
         ^^^^^^^^^^^^^^^^^^^^^^^^^^^^^^^^^
  File "C:\Users\Jorge Maques\Documents\Diabetes\venv\Lib\site-packages\pandas\io\parsers\readers.py", line 1026, in read_csv
    return _read(filepath_or_buffer, kwds)
           ^^^^^^^^^^^^^^^^^^^^^^^^^^^^^^^
  File "C:\Users\Jorge Maques\Documents\Diabetes\venv\Lib\site-packages\pandas\io\parsers\readers.py", line 620, in _read
    parser = TextFileReader(filepath_or_buffer, **kwds)
             ^^^^^^^^^^^^^^^^^^^^^^^^^^^^^^^^^^^^^^^^^^
  File "C:\Users\Jorge Maques\Documents\Diabetes\venv\Lib\site-packages\pandas\io\parsers\readers.py", line 1620, in __init__
    self._engine = self._make_engine(f, self.engine)
                   ^^^^^^^^^^^^^^^^^^^^^^^^^^^^^^^^^
  File "C:\Users\Jorge Maques\Documents\Diabetes\venv\Lib\site-packages\pandas\io\parsers\readers.py", line 1880, in _make_engine
    self.handles = get_handle(
                   ^^^^^^^^^^^
  File "C:\Users\Jorge Maques\Documents\Diabetes\venv\Lib\site-packages\pandas\io\common.py", line 873, in get_handle
    handle = open(
             ^^^^^
FileNotFoundError: [Errno 2] No such file or directory: 'data/diabetesX.csv'
2025-04-24 12:17:56 INFO     [app:81] Configura√ß√£o de logging aplicada.
2025-04-24 12:17:56 INFO     [app:18] Iniciando script salva_modelo.py
2025-04-24 12:17:56 INFO     [app:19] Carregando dados originais de 'data/diabetesX.csv'
2025-04-24 12:17:56 DEBUG    [app:21] Colunas carregadas: ['Gravidez', 'Glicose', 'Press√£o arterial', 'Espessura da pele', 'Insulina', 'IMC', 'Diabetes Descendente', 'Idade', 'Resultado']
2025-04-24 12:17:56 INFO     [app:32] Dados carregados: 768 linhas.
2025-04-24 12:17:56 INFO     [app:35] Definindo o pr√©-processador ColumnTransformer
2025-04-24 12:17:56 INFO     [app:55] Ajustando (fit) o pr√©-processador e transformando os dados de treino...
2025-04-24 12:17:56 INFO     [app:57] Dados de treino pr√©-processados.
2025-04-24 12:17:56 INFO     [app:59] Treinando o modelo RandomForestClassifier...
2025-04-24 12:17:57 INFO     [app:66] Modelo treinado com sucesso.
2025-04-24 12:17:57 INFO     [app:77] Salvando pr√©-processador em 'model\preprocessor.pkl'
2025-04-24 12:17:57 INFO     [app:79] Salvando modelo em 'model\model.pkl'
2025-04-24 12:17:57 INFO     [app:82] ‚úÖ Modelo e pr√©-processador salvos com sucesso!
2025-04-24 12:18:46 INFO     [app:81] Configura√ß√£o de logging aplicada.
2025-04-24 12:18:46 INFO     [app:21] Sistema de Logging Configurado.
2025-04-24 12:18:48 INFO     [app:27] Modelo e pr√©-processador carregados com sucesso.
2025-04-24 12:19:13 DEBUG    [app:132] Dados antes ddo pr√©-processamento:    Gravidez  Glicose  Press√£o arterial  Espessura da pele  Insulina   IMC  Diabetes Descendente  Idade
0       1.0     85.0              66.0               29.0      80.0  26.6                   0.0   31.0
2025-04-24 12:19:13 DEBUG    [app:141] Dados ap√≥s pr√©-processamento: [[ 0.38899804  0.1875     -0.58064516 -1.12339636 -0.16054575  1.
  31.          0.        ]]
2025-04-24 12:19:13 DEBUG    [app:132] Dados antes ddo pr√©-processamento:    Gravidez  Glicose  Press√£o arterial  Espessura da pele  Insulina   IMC  Diabetes Descendente  Idade
0       2.0     90.0              70.0               25.0      80.0  24.0                   0.0   28.0
2025-04-24 12:19:13 DEBUG    [app:141] Dados ap√≥s pr√©-processamento: [[ 0.38899804  0.0625     -0.86021505 -0.96691063  0.04624525  2.
  28.          0.        ]]
2025-04-24 12:19:13 DEBUG    [app:132] Dados antes ddo pr√©-processamento:    Gravidez  Glicose  Press√£o arterial  Espessura da pele  Insulina   IMC  Diabetes Descendente  Idade
0       4.0    115.0              72.0               35.0     150.0  29.5                   0.0   35.0
2025-04-24 12:19:13 DEBUG    [app:141] Dados ap√≥s pr√©-processamento: [[ 0.93909627  0.375      -0.2688172  -0.184482    0.14964075  4.
  35.          0.        ]]
2025-04-24 12:19:13 DEBUG    [app:132] Dados antes ddo pr√©-processamento:    Gravidez  Glicose  Press√£o arterial  Espessura da pele  Insulina   IMC  Diabetes Descendente  Idade
0       3.0    125.0              80.0               30.0       0.0  32.0                   1.0   42.0
2025-04-24 12:19:13 DEBUG    [app:141] Dados ap√≥s pr√©-processamento: [[-0.23968566  0.21875     0.          0.12848945  0.56322275  3.
  42.          1.        ]]
2025-04-24 12:19:13 DEBUG    [app:132] Dados antes ddo pr√©-processamento:    Gravidez  Glicose  Press√£o arterial  Espessura da pele  Insulina   IMC  Diabetes Descendente  Idade
0       6.0    148.0              72.0               35.0       0.0  33.6                   1.0   50.0
2025-04-24 12:19:13 DEBUG    [app:141] Dados ap√≥s pr√©-processamento: [[-0.23968566  0.375       0.17204301  0.84832379  0.14964075  6.
  50.          1.        ]]
2025-04-24 12:19:13 DEBUG    [app:132] Dados antes ddo pr√©-processamento:    Gravidez  Glicose  Press√£o arterial  Espessura da pele  Insulina   IMC  Diabetes Descendente  Idade
0       1.0    183.0              64.0               30.0       0.0  23.3                   1.0   32.0
2025-04-24 12:19:13 DEBUG    [app:141] Dados ap√≥s pr√©-processamento: [[-0.23968566  0.21875    -0.93548387  1.94372388 -0.26394125  1.
  32.          1.        ]]
2025-04-24 12:19:13 DEBUG    [app:132] Dados antes ddo pr√©-processamento:    Gravidez  Glicose  Press√£o arterial  Espessura da pele  Insulina   IMC  Diabetes Descendente  Idade
0       8.0    181.0              68.0               36.0     495.0  30.1                   1.0   53.0
2025-04-24 12:19:13 DEBUG    [app:141] Dados ap√≥s pr√©-processamento: [[ 3.6502947   0.40625    -0.20430108  1.88112959 -0.05715025  8.
  53.          1.        ]]
2025-04-24 12:19:13 DEBUG    [app:132] Dados antes ddo pr√©-processamento:    Gravidez  Glicose  Press√£o arterial  Espessura da pele  Insulina   IMC  Diabetes Descendente  Idade
0       0.0     60.0              62.0               20.0       0.0  21.0                   0.0   22.0
2025-04-24 12:19:13 DEBUG    [app:141] Dados ap√≥s pr√©-processamento: [[-0.23968566 -0.09375    -1.1827957  -1.90582499 -0.36733675  0.
  22.          0.        ]]
2025-04-24 12:19:13 DEBUG    [app:132] Dados antes ddo pr√©-processamento:    Gravidez  Glicose  Press√£o arterial  Espessura da pele  Insulina   IMC  Diabetes Descendente  Idade
0      10.0    200.0              90.0               40.0     600.0  40.0                   1.0   60.0
2025-04-24 12:19:14 DEBUG    [app:141] Dados ap√≥s pr√©-processamento: [[ 4.47544204  0.53125     0.86021505  2.47577535  1.08020025 10.
  60.          1.        ]]
2025-04-24 12:19:14 DEBUG    [app:132] Dados antes ddo pr√©-processamento:    Gravidez  Glicose  Press√£o arterial  Espessura da pele  Insulina   IMC  Diabetes Descendente  Idade
0       2.0    140.0              85.0               30.0     200.0  28.9                   1.0   45.0
2025-04-24 12:19:14 DEBUG    [app:141] Dados ap√≥s pr√©-processamento: [[ 1.33202358  0.21875    -0.33333333  0.59794663  0.8217115   2.
  45.          1.        ]]
2025-04-24 12:19:14 DEBUG    [app:132] Dados antes ddo pr√©-processamento:    Gravidez  Glicose  Press√£o arterial  Espessura da pele  Insulina   IMC  Diabetes Descendente  Idade
0       7.0    130.0              88.0               35.0       0.0  33.1                   1.0   44.0
2025-04-24 12:19:14 DEBUG    [app:141] Dados ap√≥s pr√©-processamento: [[-0.23968566  0.375       0.11827957  0.28497518  0.97680475  7.
  44.          1.        ]]
2025-04-24 12:19:14 DEBUG    [app:132] Dados antes ddo pr√©-processamento:    Gravidez  Glicose  Press√£o arterial  Espessura da pele  Insulina   IMC  Diabetes Descendente  Idade
0       0.0     92.0              70.0               25.0      80.0  22.1                   0.0   25.0
2025-04-24 12:19:14 DEBUG    [app:141] Dados ap√≥s pr√©-processamento: [[ 0.38899804  0.0625     -1.06451613 -0.90431634  0.04624525  0.
  25.          0.        ]]
2025-04-24 12:19:14 DEBUG    [app:132] Dados antes ddo pr√©-processamento:    Gravidez  Glicose  Press√£o arterial  Espessura da pele  Insulina   IMC  Diabetes Descendente  Idade
0       1.0     89.0              66.0               23.0      94.0  21.5                   0.0   28.0
2025-04-24 12:19:14 DEBUG    [app:141] Dados ap√≥s pr√©-processamento: [[ 0.49901768  0.         -1.12903226 -0.99820778 -0.16054575  1.
  28.          0.        ]]
2025-04-24 12:19:14 DEBUG    [app:132] Dados antes ddo pr√©-processamento:    Gravidez  Glicose  Press√£o arterial  Espessura da pele  Insulina   IMC  Diabetes Descendente  Idade
0       2.0     95.0              72.0               28.0       0.0  23.8                   0.0   32.0
2025-04-24 12:19:14 DEBUG    [app:141] Dados ap√≥s pr√©-processamento: [[-0.23968566  0.15625    -0.88172043 -0.81042491  0.14964075  2.
  32.          0.        ]]
2025-04-24 12:19:14 DEBUG    [app:132] Dados antes ddo pr√©-processamento:    Gravidez  Glicose  Press√£o arterial  Espessura da pele  Insulina   IMC  Diabetes Descendente  Idade
0       0.0     85.0              62.0               20.0       0.0  20.3                   0.0   22.0
2025-04-24 12:19:14 DEBUG    [app:141] Dados ap√≥s pr√©-processamento: [[-0.23968566 -0.09375    -1.25806452 -1.12339636 -0.36733675  0.
  22.          0.        ]]
2025-04-24 12:19:14 DEBUG    [app:132] Dados antes ddo pr√©-processamento:    Gravidez  Glicose  Press√£o arterial  Espessura da pele  Insulina   IMC  Diabetes Descendente  Idade
0       3.0    100.0              75.0               30.0     120.0  25.9                   0.0   38.0
2025-04-24 12:19:14 DEBUG    [app:141] Dados ap√≥s pr√©-processamento: [[ 0.70333988  0.21875    -0.65591398 -0.65393918  0.304734    3.
  38.          0.        ]]
2025-04-24 12:19:14 DEBUG    [app:132] Dados antes ddo pr√©-processamento:    Gravidez  Glicose  Press√£o arterial  Espessura da pele  Insulina   IMC  Diabetes Descendente  Idade
0       1.0     78.0              64.0               22.0      85.0  19.7                   0.0   26.0
2025-04-24 12:19:14 DEBUG    [app:141] Dados ap√≥s pr√©-processamento: [[ 0.42829077 -0.03125    -1.32258065 -1.34247638 -0.26394125  1.
  26.          0.        ]]
2025-04-24 12:19:14 DEBUG    [app:132] Dados antes ddo pr√©-processamento:    Gravidez  Glicose  Press√£o arterial  Espessura da pele  Insulina   IMC  Diabetes Descendente  Idade
0       0.0     88.0              68.0               24.0       0.0  22.0                   0.0   30.0
2025-04-24 12:19:14 DEBUG    [app:141] Dados ap√≥s pr√©-processamento: [[-0.23968566  0.03125    -1.07526882 -1.02950492 -0.05715025  0.
  30.          0.        ]]
2025-04-24 12:19:14 DEBUG    [app:132] Dados antes ddo pr√©-processamento:    Gravidez  Glicose  Press√£o arterial  Espessura da pele  Insulina   IMC  Diabetes Descendente  Idade
0       2.0     93.0              71.0               26.0      90.0  24.1                   0.0   35.0
2025-04-24 12:19:15 DEBUG    [app:141] Dados ap√≥s pr√©-processamento: [[ 0.4675835   0.09375    -0.84946237 -0.8730192   0.097943    2.
  35.          0.        ]]
2025-04-24 12:19:15 DEBUG    [app:132] Dados antes ddo pr√©-processamento:    Gravidez  Glicose  Press√£o arterial  Espessura da pele  Insulina   IMC  Diabetes Descendente  Idade
0       4.0     97.0              74.0               29.0     110.0  26.3                   0.0   40.0
2025-04-24 12:19:15 DEBUG    [app:141] Dados ap√≥s pr√©-processamento: [[ 0.62475442  0.1875     -0.61290323 -0.74783062  0.25303625  4.
  40.          0.        ]]
2025-04-24 12:19:15 DEBUG    [app:132] Dados antes ddo pr√©-processamento:    Gravidez  Glicose  Press√£o arterial  Espessura da pele  Insulina   IMC  Diabetes Descendente  Idade
0       1.0     83.0              65.0               21.0       0.0  21.8                   0.0   27.0
2025-04-24 12:19:15 DEBUG    [app:141] Dados ap√≥s pr√©-processamento: [[-0.23968566 -0.0625     -1.09677419 -1.18599065 -0.2122435   1.
  27.          0.        ]]
2025-04-24 12:19:15 DEBUG    [app:132] Dados antes ddo pr√©-processamento:    Gravidez  Glicose  Press√£o arterial  Espessura da pele  Insulina   IMC  Diabetes Descendente  Idade
0       5.0    126.0              82.0               32.0       0.0  31.5                   1.0   48.0
2025-04-24 12:19:15 DEBUG    [app:141] Dados ap√≥s pr√©-processamento: [[-0.23968566  0.28125    -0.05376344  0.1597866   0.66661825  5.
  48.          1.        ]]
2025-04-24 12:19:15 DEBUG    [app:132] Dados antes ddo pr√©-processamento:    Gravidez  Glicose  Press√£o arterial  Espessura da pele  Insulina   IMC  Diabetes Descendente  Idade
0       2.0    110.0              78.0               28.0       0.0  27.8                   0.0   39.0
2025-04-24 12:19:15 DEBUG    [app:141] Dados ap√≥s pr√©-processamento: [[-0.23968566  0.15625    -0.4516129  -0.34096773  0.45982725  2.
  39.          0.        ]]
2025-04-26 10:07:06 INFO     [app:81] Configura√ß√£o de logging aplicada.
2025-04-26 10:07:06 INFO     [app:21] Sistema de Logging Configurado.
2025-04-26 10:07:36 INFO     [app:27] Modelo e pr√©-processador carregados com sucesso.
